MLA874472550, Router Linksys Ea-series Ea6100 Negro 100v/240v, MLA430901, Routers
MLA922850681,  Apc Easy Ups Bv Bv800i-ar 800va Entrada Y Salida De 230v Negro, MLA1720, UPS
MLA913997736, Notebook Dell Inspiron 3505 Gris 15.6 , Amd Ryzen 5 3450u  16gb De Ram 256gb Ssd, Amd Radeon Rx Vega 8 60 Hz 1366x768px Windows 10 Home, MLA1652, Notebooks
MLA1106550080,  Apc Back-ups Br900g-ar 900va Entrada Y Salida De 230v Negro, MLA1720, UPS
MLA926000369, Switch Linksys Se3008, MLA1708, Switches
MLA912271216,  Apc Smart-ups Rc Src1ki-ar 1000va Entrada Y Salida De 230v Negro, MLA1720, UPS
MLA875194522, Router Linksys Wrt3200acm Azul Y Negro, MLA430901, Routers
MLA926001777, Switch Linksys Se3005, MLA1708, Switches
MLA1105622026,  Apc Easy Ups Bv1000i-ar 1000va Entrada Y Salida De 230v Negro, MLA1720, UPS
MLA1111688897,  Apc Easy Ups Bv500i-ar 500va Entrada Y Salida De 230v Negro, MLA1720, UPS
MLA928736315,  Apc Back-ups Br550g-ar 550va Entrada Y Salida De 230v Negro, MLA1720, UPS
MLA931548054, Sistema Wi-fi Mesh Linksys Velop Whw0301 Blanco 220v 3 Unidades, MLA430901, Routers
MLA919281388,  Apc Back-ups Pro 1500 Br1500g-ar 1500va Entrada Y Salida De 230v Negro, MLA1720, UPS
MLA927153653, Notebook Dell Inspiron 3505 Gris 15.6 , Amd Ryzen 5 3450u  12gb De Ram 256gb Ssd, Amd Radeon Rx Vega 8 60 Hz 1366x768px Windows 10 Home, MLA1652, Notebooks
MLA935217697, Repetidor, Router, Sistema Wi-fi Mesh Linksys Velop Wifi Intelligent Mesh Blanco 100v/240v, MLA430901, Routers
MLA1124626069, Notebook Dell Inspiron 3505 Gris 15.6 , Amd Ryzen 5 3450u  16gb De Ram 1tb Hdd 256gb Ssd, Amd Radeon Rx Vega 8 60 Hz 1366x768px Windows 10 Home, MLA1652, Notebooks
MLA930094684, Repetidor, Router, Sistema Wi-fi Mesh Linksys Velop Wifi Intelligent Mesh Blanco 100v/240v 2 Unidades, MLA430901, Routers
MLA1118143499, Notebook Dell Inspiron 3505 Negra 15.6 , Amd Ryzen 5 3450u  12gb De Ram 1tb Hdd 256gb Ssd, Amd Radeon Rx Vega 8 60 Hz Windows 10 Home, MLA1652, Notebooks
MLA1123962611, Notebook Dell Inspiron 3505 Plata 15.6 , Amd Ryzen 5 3450u  8gb De Ram 256gb Ssd, Amd Radeon Rx Vega 8 60 Hz 1366x768px Windows 11 Home, MLA1652, Notebooks
MLA927112638, Notebook Dell Inspiron 3505 Gris 15.6 , Amd Ryzen 5 3450u  8gb De Ram 1tb Hdd 256gb Ssd, Amd Radeon Rx Vega 8 60 Hz 1366x768px Windows 10 Home, MLA1652, Notebooks
MLA926291038,  Apc Easy Ups Srv3000 Srv3ki-ar 3000va Entrada Y Salida De 220v/240v Negro, MLA1720, UPS
MLA1123507869,  Apc Back-ups Pro 1200 Br1200g-ar 1200va Entrada Y Salida De 230v Negro, MLA1720, UPS
MLA919422304, Access Point, Router Linksys Mr8300 Negro 100v/240v, MLA430901, Routers
MLA1124817293, Notebook Dell Inspiron 3502 Plata 15.55 , Intel Celeron N4020  4gb De Ram 128gb Ssd, Intel Uhd Graphics 600 60 Hz 1366x768px Windows 10 Home, MLA1652, Notebooks
MLA931142484,  Apc Easy Ups Srv Srv2ki-ar 2000va Entrada De 230v Negro, MLA1720, UPS
MLA932066921, Router Cisco Rv Series Rv340w Negro 110v/220v, MLA430901, Routers
MLA931485853, Access Point, Repetidor, Router Linksys Max-stream Ea8300 Negro 100v/240v, MLA430901, Routers
MLA935548895, Access Point Exterior Tp-link Pharos Cpe210 Blanco 110v/220v, MLA430901, Routers
MLA935549146, Access Point, Repetidor Tp-link Pharos Cpe510 Blanco 100v/240v, MLA430901, Routers
MLA925474288,  Apc Easy Ups Bv Bv650i-ar 650va Entrada Y Salida De 230v Negro, MLA1720, UPS
MLA912269641,  Apc Back-ups Bx800ci-ar 800va Entrada Y Salida De 230v Negro, MLA1720, UPS
MLA1111163098, Notebook Dell Latitude 3520 Negra 15.6 , Intel Core I7 1165g7  8gb De Ram 256gb Ssd, Intel Iris Xe Graphics G7 96eus 60 Hz 1920x1080px Windows 10 Pro, MLA1652, Notebooks
MLA898906657, Access Point, Router Linksys Max-stream Ea7450 Negro 100v/240v, MLA430901, Routers
MLA1124885159, Notebook Dell Inspiron 5510 Blue 15.6 , Intel Core I5 11320h  8gb De Ram 256gb Ssd, Intel Iris Xe Graphics G7 96eus 60 Hz 1920x1080px Windows 11 Home, MLA1652, Notebooks
MLA932549653, Router Linksys Ea6350 Negro Y Plata 220v, MLA430901, Routers
MLA1116245839, Sistema Wi-fi Mesh Linksys Velop Mx5300 Blanco 220v, MLA430901, Routers
MLA876595621, Sistema Wi-fi Mesh Linksys Velop Whw0301 Blanco 220v, MLA430901, Routers
MLA932592066,  Apc Easy Ups Srv Srv1000 Srv1kil-ar 1000va Entrada Y Salida De 230v Negro, MLA1720, UPS
MLA1117198878, Notebook Dell Inspiron 3501 Plata 15.6 , Intel Core I5 1135g7  8gb De Ram 256gb Ssd, Intel Iris Xe Graphics G7 80eus 60 Hz 1366x768px Windows 10 Home, MLA1652, Notebooks
MLA1118257996, Switch Linksys Lgs124p, MLA1708, Switches
MLA1110633008, Notebook Dell Latitude 3190 11  Hd Intel Celeron N4120 4 Gb Ddr4-sdram 128 Gb Ssd Wi-fi 5 (802.11ac) Windows 10 Home Negro, MLA1652, Notebooks
MLA930612969,  Apc Easy Ups Srv6ki 6000va Entrada Y Salida De 230v Negro, MLA1720, UPS
MLA1117192208, Notebook Dell Inspiron 3501 Negra 15.6 , Intel Core I3 1005g1  4gb De Ram 1tb Hdd, Intel Uhd Graphics G1 60 Hz 1366x768px Linux Ubuntu, MLA1652, Notebooks
MLA1123478603,  Apc Smart-ups Smt2200i-ar 2200va Entrada Y Salida De 230v Negro, MLA1720, UPS
MLA1119219028, Sistema Wi-fi Mesh Linksys Velop Mx12600 Blanco 220v 3 Unidades, MLA430901, Routers
MLA1124833862, Access Point, Router, Sistema Wi-fi Mesh Tp-link Deco X20 Blanco 220v 3 Unidades, MLA430901, Routers
MLA876794922, Impresora Multifunción Lexmark Mb2546adwe Con Wifi Gris Y Blanca 220v, MLA1676, Impresoras
MLA608914689, Ups Apc Br1200g Ar 1200va Estabilizador Br1200 Gtia 2 Años, MLA1720, UPS
MLA1102376364, Ups Apc Back Bx2200mi 2200va 4t Gamer, MLA1720, UPS
MLA1122715809, Notebook Dell Inspiron 3502 Celeron 8gb 128gb Ssd Windows, MLA1652, Notebooks
